{"level":"info","ts":1595237356593810000,"msg":"init zap log SUCCESS"}
{"level":"fatal","ts":1595237356615055000,"msg":"new redisCluster OldRedisAddrs err: ","addrs":["192.168.212.205:8008"],"pass":"123456","error":"NewRedisEngine [ addr [192.168.212.205:8008] pwd 123456 ] err: ERR This instance has cluster support disabled"}
{"level":"info","ts":1595242742912734000,"msg":"init zap log SUCCESS"}
{"level":"fatal","ts":1595242742937229000,"msg":"new redisCluster OldRedisAddrs err: ","addrs":["192.168.212.205:8008"],"pass":"123456","error":"NewRedisEngine [ addr [192.168.212.205:8008] pwd 123456 ] err: ERR This instance has cluster support disabled"}
{"level":"info","ts":1595242991102835000,"msg":"init zap log SUCCESS"}
{"level":"fatal","ts":1595242991125230000,"msg":"new redisCluster OldRedisAddrs err: ","addrs":["192.168.212.205:8008"],"pass":"123456","error":"NewRedisEngine [ addr [192.168.212.205:8008] pwd 123456 ] err: ERR This instance has cluster support disabled"}
{"level":"info","ts":1595243219684263000,"msg":"init zap log SUCCESS"}
{"level":"fatal","ts":1595243219707837000,"msg":"new redisCluster OldRedisAddrs err: ","addrs":["192.168.212.205:8008"],"pass":"123456","error":"NewRedisEngine [ addr [192.168.212.205:8008] pwd 123456 ] err: ERR This instance has cluster support disabled"}
{"level":"info","ts":1595243284766984000,"msg":"init zap log SUCCESS"}
{"level":"fatal","ts":1595243284790962000,"msg":"new redisCluster OldRedisAddrs err: ","addrs":["192.168.212.205:8008"],"pass":"123456","error":"NewRedisEngine [ addr [192.168.212.205:8008] pwd 123456 ] err: ERR This instance has cluster support disabled"}
{"level":"info","ts":1595243302529629000,"msg":"init zap log SUCCESS"}
{"level":"fatal","ts":1595243302552640000,"msg":"new redisCluster OldRedisAddrs err: ","addrs":["192.168.212.205:8008"],"pass":"123456","error":"NewRedisEngine [ addr [192.168.212.205:8008] pwd 123456 ] err: ERR This instance has cluster support disabled"}
{"level":"info","ts":1595316204390564000,"msg":"init zap log SUCCESS"}
{"level":"fatal","ts":1595316204416853000,"msg":"new redisCluster OldRedisAddrs err: ","addrs":["192.168.212.205:8008"],"pass":"123456","error":"NewRedisEngine [ addr [192.168.212.205:8008] pwd 123456 ] err: ERR This instance has cluster support disabled"}
{"level":"info","ts":1595316236860233000,"msg":"init zap log SUCCESS"}
{"level":"fatal","ts":1595316236879362000,"msg":"new redisCluster OldRedisAddrs err: ","addrs":["192.168.212.205:8008"],"pass":"123456","error":"NewRedisEngine [ addr [192.168.212.205:8008] pwd 123456 ] err: ERR This instance has cluster support disabled"}
{"level":"info","ts":1595316250436416000,"msg":"init zap log SUCCESS"}
{"level":"fatal","ts":1595316250457980000,"msg":"new redisCluster OldRedisAddrs err: ","addrs":["192.168.212.205:8008"],"pass":"123456","error":"NewRedisEngine [ addr [192.168.212.205:8008] pwd 123456 ] err: ERR This instance has cluster support disabled"}
{"level":"info","ts":1595316290344412000,"msg":"init zap log SUCCESS"}
{"level":"fatal","ts":1595316290369297000,"msg":"new redisCluster OldRedisAddrs err: ","addrs":["192.168.212.205:8008"],"pass":"123456","error":"NewRedisEngine [ addr [192.168.212.205:8008] pwd 123456 ] err: ERR This instance has cluster support disabled"}
{"level":"info","ts":1595316429693050000,"msg":"init zap log SUCCESS"}
{"level":"info","ts":1595316429752057000,"msg":"success","用时： ":0.05889229}
{"level":"info","ts":1595316500372546000,"msg":"init zap log SUCCESS"}
{"level":"info","ts":1595316500398302000,"msg":"success","用时： ":0.025617888}
{"level":"info","ts":1595316706741942000,"msg":"init zap log SUCCESS"}
{"level":"info","ts":1595316706762271000,"msg":"success","用时： ":0.0201917}
{"level":"info","ts":1595317928608118000,"msg":"init zap log SUCCESS"}
{"level":"fatal","ts":1595317928631572000,"msg":"new redisCluster OldRedisAddrs err: ","addrs":["192.168.212.205:8008"],"pass":"123456","error":"NewRedisEngine [ addr [192.168.212.205:8008] pwd 123456 ] err: ERR This instance has cluster support disabled"}
{"level":"info","ts":1595317947027205000,"msg":"init zap log SUCCESS"}
{"level":"fatal","ts":1595317947050380000,"msg":"new redisCluster OldRedisAddrs err: ","addrs":["192.168.212.205:8008"],"pass":"123456","error":"NewRedisEngine [ addr [192.168.212.205:8008] pwd 123456 ] err: ERR This instance has cluster support disabled"}
{"level":"info","ts":1595317963106933000,"msg":"init zap log SUCCESS"}
{"level":"info","ts":1595317963127807000,"msg":"success","用时： ":0.020754249}
{"level":"info","ts":1595318029337253000,"msg":"init zap log SUCCESS"}
{"level":"info","ts":1595318047469949000,"msg":"init zap log SUCCESS"}
{"level":"info","ts":1595318047493795000,"msg":"success","用时： ":0.02372913}
{"level":"info","ts":1595318369125212000,"msg":"init zap log SUCCESS"}
{"level":"info","ts":1595318369146739000,"msg":"success","用时： ":0.021391894}
{"level":"info","ts":1595318388108105000,"msg":"init zap log SUCCESS"}
{"level":"info","ts":1595318388133241000,"msg":"success","用时： ":0.02499818}
{"level":"info","ts":1595318431817492000,"msg":"init zap log SUCCESS"}
{"level":"info","ts":1595318431837984000,"msg":"success","用时： ":0.020376933}
{"level":"info","ts":1595318478212559000,"msg":"init zap log SUCCESS"}
{"level":"info","ts":1595318478232678000,"msg":"success","用时： ":0.02000489}
{"level":"info","ts":1595318648768845000,"msg":"init zap log SUCCESS"}
{"level":"info","ts":1595318648792000000,"msg":"success","用时： ":0.023026796}
{"level":"info","ts":1595318743950853000,"msg":"init zap log SUCCESS"}
{"level":"info","ts":1595318743976125000,"msg":"success","用时： ":0.025151848}
{"level":"info","ts":1595318941987447000,"msg":"init zap log SUCCESS"}
{"level":"info","ts":1595318942017989000,"msg":"success","用时： ":0.030389813}
{"level":"info","ts":1595318974112611000,"msg":"init zap log SUCCESS"}
{"level":"info","ts":1595318974136937000,"msg":"success","用时： ":0.024204995}
{"level":"info","ts":1595318978531705000,"msg":"init zap log SUCCESS"}
{"level":"info","ts":1595318978554581000,"msg":"success","用时： ":0.022756745}
{"level":"info","ts":1595319295371979000,"msg":"init zap log SUCCESS"}
{"level":"info","ts":1595319295394643000,"msg":"success","用时： ":0.022551354}
{"level":"info","ts":1595319362118207000,"msg":"init zap log SUCCESS"}
{"level":"info","ts":1595319362141909000,"msg":"success","用时： ":0.023568694}
{"level":"info","ts":1595319392738989000,"msg":"init zap log SUCCESS"}
{"level":"info","ts":1595319392763346000,"msg":"success","用时： ":0.024243252}
{"level":"info","ts":1595319395906510000,"msg":"init zap log SUCCESS"}
{"level":"info","ts":1595319395931490000,"msg":"success","用时： ":0.024862278}
{"level":"info","ts":1595319470016420000,"msg":"init zap log SUCCESS"}
{"level":"info","ts":1595319470041257000,"msg":"success","用时： ":0.024715231}
{"level":"info","ts":1595319885953525000,"msg":"init zap log SUCCESS"}
{"level":"info","ts":1595319885978759000,"msg":"success","用时： ":0.025084491}
{"level":"info","ts":1595319973756012000,"msg":"init zap log SUCCESS"}
{"level":"info","ts":1595319973781305000,"msg":"success","用时： ":0.025176955}
{"level":"info","ts":1595320055202347000,"msg":"init zap log SUCCESS"}
{"level":"info","ts":1595320082042345000,"msg":"init zap log SUCCESS"}
{"level":"info","ts":1595320091790473000,"msg":"init zap log SUCCESS"}
{"level":"info","ts":1595320091821258000,"msg":"success","用时： ":0.030667478}
{"level":"info","ts":1595320117886398000,"msg":"init zap log SUCCESS"}
{"level":"info","ts":1595320117912721000,"msg":"success","用时： ":0.026201995}
{"level":"info","ts":1595320180015505000,"msg":"init zap log SUCCESS"}
{"level":"info","ts":1595320180039401000,"msg":"success","用时： ":0.023775215}
{"level":"info","ts":1595320190457536000,"msg":"init zap log SUCCESS"}
{"level":"info","ts":1595320190477302000,"msg":"success","用时： ":0.019644742}
{"level":"info","ts":1595320301380263000,"msg":"init zap log SUCCESS"}
{"level":"info","ts":1595320301403827000,"msg":"success","用时： ":0.023443313}
{"level":"info","ts":1595322176980957000,"msg":"init zap log SUCCESS"}
{"level":"info","ts":1595322177017121000,"msg":"success","用时： ":0.03601113}
{"level":"info","ts":1595322322894016000,"msg":"init zap log SUCCESS"}
{"level":"info","ts":1595322322915658000,"msg":"success","用时： ":0.021523257}
{"level":"info","ts":1595322387921330000,"msg":"init zap log SUCCESS"}
{"level":"info","ts":1595322387953806000,"msg":"success","用时： ":0.032361594}
{"level":"info","ts":1595322475852664000,"msg":"init zap log SUCCESS"}
{"level":"info","ts":1595322475878199000,"msg":"success","用时： ":0.02540186}
{"level":"info","ts":1595322512782097000,"msg":"init zap log SUCCESS"}
{"level":"info","ts":1595322512804116000,"msg":"success","用时： ":0.0218907}
{"level":"info","ts":1595322579579243000,"msg":"init zap log SUCCESS"}
{"level":"fatal","ts":1595322579605180000,"msg":"new redisCluster OldRedisAddrs err: ","addrs":["192.168.212.205:8008"],"pass":"123456","error":"NewRedisEngine [ addr [192.168.212.205:8008] pwd 123456 ] err: ERR This instance has cluster support disabled"}
{"level":"info","ts":1595322622188744000,"msg":"init zap log SUCCESS"}
{"level":"fatal","ts":1595322622208837000,"msg":"new redisCluster err: ","addrs":["192.168.212.205:8008"],"pass":"123456","error":"NewRedisEngine [ addr [192.168.212.205:8008] pwd 123456 ] err: ERR This instance has cluster support disabled"}
{"level":"info","ts":1595322673554713000,"msg":"init zap log SUCCESS"}
{"level":"fatal","ts":1595322673568772000,"msg":"new redisCluster err: ","addrs":["192.168.212.205:8008"],"pass":"123456","error":"NewRedisEngine [ addr [192.168.212.205:8008] pwd 123456 ] err: ERR This instance has cluster support disabled"}
{"level":"info","ts":1595322684294189000,"msg":"init zap log SUCCESS"}
{"level":"fatal","ts":1595322684307272000,"msg":"new redisCluster err: ","addrs":["192.168.212.205:8008"],"pass":"123456","error":"NewRedisEngine [ addr [192.168.212.205:8008] pwd 123456 ] err: ERR This instance has cluster support disabled"}
{"level":"info","ts":1595322708951903000,"msg":"init zap log SUCCESS"}
{"level":"fatal","ts":1595322708973032000,"msg":"new redisCluster OldRedisAddrs err: ","addrs":["192.168.212.205:8008"],"pass":"123456","error":"NewRedisEngine [ addr [192.168.212.205:8008] pwd 123456 ] err: ERR This instance has cluster support disabled"}
{"level":"info","ts":1595323225707721000,"msg":"init zap log SUCCESS"}
{"level":"fatal","ts":1595323225727355000,"msg":"new redisCluster OldRedisAddrs err: ","addrs":["192.168.212.205:8008"],"pass":"123456","error":"NewRedisEngine [ addr [192.168.212.205:8008] pwd 123456 ] err: ERR This instance has cluster support disabled"}
{"level":"info","ts":1595323311253799000,"msg":"init zap log SUCCESS"}
{"level":"info","ts":1595323311278706000,"msg":"success","用时： ":0.02472871}
{"level":"info","ts":1595323684146705000,"msg":"init zap log SUCCESS"}
{"level":"info","ts":1595323684171755000,"msg":"success","用时： ":0.024915271}
{"level":"info","ts":1595323711800460000,"msg":"init zap log SUCCESS"}
{"level":"info","ts":1595323711821989000,"msg":"success","用时： ":0.021360134}
{"level":"info","ts":1595323743622654000,"msg":"init zap log SUCCESS"}
{"level":"info","ts":1595323743639650000,"msg":"success","用时： ":0.016860758}
{"level":"info","ts":1595323762182716000,"msg":"init zap log SUCCESS"}
{"level":"info","ts":1595323762207378000,"msg":"success","用时： ":0.024507191}
{"level":"info","ts":1595323822837629000,"msg":"init zap log SUCCESS"}
{"level":"info","ts":1595323822859762000,"msg":"success","用时： ":0.021968899}
{"level":"info","ts":1595323833246106000,"msg":"init zap log SUCCESS"}
{"level":"info","ts":1595323833267396000,"msg":"success","用时： ":0.021152263}
{"level":"info","ts":1595323987153808000,"msg":"init zap log SUCCESS"}
{"level":"info","ts":1595323987182524000,"msg":"success","用时： ":0.028562949}
{"level":"info","ts":1595324089039702000,"msg":"init zap log SUCCESS"}
{"level":"info","ts":1595324089065043000,"msg":"success","用时： ":0.02518501}
{"level":"info","ts":1595324099843851000,"msg":"init zap log SUCCESS"}
{"level":"info","ts":1595324099870110000,"msg":"success","用时： ":0.026119745}
{"level":"info","ts":1595324109441808000,"msg":"init zap log SUCCESS"}
{"level":"info","ts":1595324109465605000,"msg":"success","用时： ":0.023666749}
{"level":"info","ts":1595324128288160000,"msg":"init zap log SUCCESS"}
{"level":"info","ts":1595324128314307000,"msg":"success","用时： ":0.026009985}
{"level":"info","ts":1595324141615093000,"msg":"init zap log SUCCESS"}
{"level":"info","ts":1595324141636930000,"msg":"success","用时： ":0.021686541}
{"level":"info","ts":1595324173309190000,"msg":"init zap log SUCCESS"}
{"level":"info","ts":1595324173332769000,"msg":"success","用时： ":0.023428182}
{"level":"info","ts":1595324201585264000,"msg":"init zap log SUCCESS"}
{"level":"info","ts":1595324201609714000,"msg":"success","用时： ":0.024305897}
{"level":"info","ts":1595324274348959000,"msg":"init zap log SUCCESS"}
{"level":"info","ts":1595324274375919000,"msg":"success","用时： ":0.026800133}
{"level":"info","ts":1595324323738593000,"msg":"init zap log SUCCESS"}
{"level":"info","ts":1595324323761714000,"msg":"success","用时： ":0.02296473}
{"level":"info","ts":1595324389975673000,"msg":"init zap log SUCCESS"}
{"level":"info","ts":1595324389998920000,"msg":"success","用时： ":0.023043051}
{"level":"info","ts":1595324418715991000,"msg":"init zap log SUCCESS"}
{"level":"info","ts":1595324418738108000,"msg":"success","用时： ":0.021985669}
{"level":"info","ts":1595324463053013000,"msg":"init zap log SUCCESS"}
{"level":"info","ts":1595324463075270000,"msg":"success","用时： ":0.022127202}
{"level":"info","ts":1595324467446287000,"msg":"init zap log SUCCESS"}
{"level":"info","ts":1595324467466992000,"msg":"success","用时： ":0.020579459}
{"level":"info","ts":1595324484365040000,"msg":"init zap log SUCCESS"}
{"level":"info","ts":1595324484388589000,"msg":"success","用时： ":0.023396682}
{"level":"info","ts":1595324499624103000,"msg":"init zap log SUCCESS"}
{"level":"info","ts":1595324499647082000,"msg":"success","用时： ":0.022834357}
{"level":"info","ts":1595324598909635000,"msg":"init zap log SUCCESS"}
{"level":"info","ts":1595324598931247000,"msg":"success","用时： ":0.021467456}
{"level":"info","ts":1595324711749099000,"msg":"init zap log SUCCESS"}
{"level":"info","ts":1595324711778239000,"msg":"success","用时： ":0.0289783}
{"level":"info","ts":1595324734442700000,"msg":"init zap log SUCCESS"}
{"level":"info","ts":1595324734469601000,"msg":"success","用时： ":0.026728046}
{"level":"info","ts":1595324763965726000,"msg":"init zap log SUCCESS"}
{"level":"info","ts":1595324763991525000,"msg":"success","用时： ":0.025663556}
{"level":"info","ts":1595324802234078000,"msg":"init zap log SUCCESS"}
{"level":"info","ts":1595324802259816000,"msg":"success","用时： ":0.025562002}
{"level":"info","ts":1595324810996501000,"msg":"init zap log SUCCESS"}
{"level":"info","ts":1595324811024191000,"msg":"success","用时： ":0.02753672}
{"level":"info","ts":1595331328824245000,"msg":"init zap log SUCCESS"}
{"level":"info","ts":1595331328850256000,"msg":"success","用时： ":0.025854548}
{"level":"info","ts":1595331342377842000,"msg":"init zap log SUCCESS"}
{"level":"fatal","ts":1595331342397114000,"msg":"new redisCluster OldRedisAddrs err: ","addrs":["192.168.212.205:8008"],"pass":"123456","error":"NewRedisEngine [ addr [192.168.212.205:8008] pwd 123456 ] err: ERR This instance has cluster support disabled"}
{"level":"info","ts":1595335050749135000,"msg":"init zap log SUCCESS"}
{"level":"info","ts":1595335050764753000,"msg":"messagedb:dialog*"}
{"level":"info","ts":1595335050765187000,"msg":"success","用时： ":0.015911706}
{"level":"info","ts":1595335110527733000,"msg":"init zap log SUCCESS"}
{"level":"info","ts":1595335110546332000,"msg":"messagedb:dialog*"}
{"level":"info","ts":1595335110546442000,"msg":"messagedb:dialog*"}
{"level":"info","ts":1595335110546503000,"msg":"messagedb:dialog*"}
{"level":"info","ts":1595335131208915000,"msg":"success","用时： ":20.680614154}
{"level":"info","ts":1595335328073117000,"msg":"init zap log SUCCESS"}
{"level":"info","ts":1595335328093349000,"msg":"messagedb:dialog*"}
{"level":"info","ts":1595335328093502000,"msg":"messagedb:dialog*"}
{"level":"info","ts":1595335328093575000,"msg":"messagedb:dialog*"}
{"level":"info","ts":1595335424915789000,"msg":"init zap log SUCCESS"}
{"level":"panic","ts":1595335424915957000,"msg":"internal.DecodeFile err","error":"DecodeFile [ fpath node.toml ] err: open node.toml: no such file or directory"}
{"level":"info","ts":1595335456478707000,"msg":"init zap log SUCCESS"}
{"level":"info","ts":1595335456501184000,"msg":"messagedb:dialog*"}
{"level":"info","ts":1595335456501433000,"msg":"messagedb:dialog*"}
{"level":"info","ts":1595335456501577000,"msg":"messagedb:dialog*"}
{"level":"info","ts":1595335476017631000,"msg":"success","用时： ":19.53837055}
{"level":"info","ts":1595335593016647000,"msg":"init zap log SUCCESS"}
{"level":"info","ts":1595335593036930000,"msg":"messagedb:dialog*"}
{"level":"info","ts":1595335593036953000,"msg":"messagedb:dialog*"}
{"level":"info","ts":1595335593037019000,"msg":"messagedb:dialog*"}
{"level":"info","ts":1595335613274616000,"msg":"success","用时： ":20.257393046}
{"level":"info","ts":1595335708709242000,"msg":"init zap log SUCCESS"}
{"level":"info","ts":1595335708727224000,"msg":"messagedb:dialog*"}
{"level":"info","ts":1595335747029746000,"msg":"success","用时： ":38.319537538}
{"level":"info","ts":1596163761555743000,"msg":"init zap log SUCCESS"}
{"level":"info","ts":1596163761573375000,"msg":"messagedb:dialog*"}
{"level":"info","ts":1596163761574285000,"msg":"messagedb:dialog*"}
{"level":"info","ts":1596163761574301000,"msg":"messagedb:dialog*"}
{"level":"info","ts":1596163780466797000,"msg":"success","用时： ":18.910783726}
{"level":"info","ts":1596164820996326000,"msg":"init zap log SUCCESS"}
{"level":"info","ts":1596164821005851000,"msg":"messagedb:dialog*"}
{"level":"info","ts":1596164821006194000,"msg":"messagedb:dialog*"}
{"level":"info","ts":1596164821006273000,"msg":"messagedb:dialog*"}
{"level":"info","ts":1596164838903443000,"msg":"success","用时： ":17.906648729}
{"level":"info","ts":1596165114806250000,"msg":"init zap log SUCCESS"}
{"level":"info","ts":1596165114825811000,"msg":"messagedb:dialognew:userid{"}
{"level":"info","ts":1596165114825966000,"msg":"messagedb:dialognew:userid{"}
{"level":"info","ts":1596165114826177000,"msg":"messagedb:dialognew:userid{"}
{"level":"info","ts":1596165115987520000,"msg":"success","用时： ":1.181130161}
{"level":"info","ts":1596165867482318000,"msg":"init zap log SUCCESS"}
{"level":"info","ts":1596165867501783000,"msg":"messagedb:dialognew:userid{"}
{"level":"info","ts":1596165867501808000,"msg":"messagedb:dialognew:userid{"}
{"level":"info","ts":1596165867501855000,"msg":"messagedb:dialognew:userid{"}
{"level":"info","ts":1596165867549883000,"msg":"messagedb:dialogmappingnew:userid{"}
{"level":"info","ts":1596165868474137000,"msg":"messagedb:dialogmappingnew:userid{"}
{"level":"info","ts":1596165868475494000,"msg":"messagedb:dialogmappingnew:userid{"}
{"level":"info","ts":1596165868476138000,"msg":"success","用时： ":0.993680891}
{"level":"info","ts":1596165929757041000,"msg":"init zap log SUCCESS"}
{"level":"info","ts":1596165929773776000,"msg":"messagedb:dialognew:userid{"}
{"level":"info","ts":1596165929773911000,"msg":"messagedb:dialognew:userid{"}
{"level":"info","ts":1596165929774004000,"msg":"messagedb:dialognew:userid{"}
{"level":"info","ts":1596165929811710000,"msg":"messagedb:dialogmappingnew:userid{"}
{"level":"info","ts":1596165930608331000,"msg":"messagedb:dialogmappingnew:userid{"}
{"level":"info","ts":1596165930622169000,"msg":"messagedb:dialogmappingnew:userid{"}
{"level":"info","ts":1596165930622847000,"msg":"success","用时： ":0.865673959}
{"level":"info","ts":1596166032521739000,"msg":"init zap log SUCCESS"}
{"level":"info","ts":1596166032541338000,"msg":"messagedb:dialognew:userid{"}
{"level":"info","ts":1596166032541589000,"msg":"messagedb:dialognew:userid{"}
{"level":"info","ts":1596166032541665000,"msg":"messagedb:dialognew:userid{"}
{"level":"info","ts":1596166032574537000,"msg":"messagedb:dialogmappingnew:userid{"}
{"level":"info","ts":1596166033470187000,"msg":"messagedb:dialogmappingnew:userid{"}
{"level":"info","ts":1596166033500103000,"msg":"messagedb:dialogmappingnew:userid{"}
{"level":"info","ts":1596166033500622000,"msg":"success","用时： ":0.978741174}
{"level":"info","ts":1596166168431148000,"msg":"init zap log SUCCESS"}
{"level":"info","ts":1596166168447190000,"msg":"messagedb:dialognew:userid{*"}
{"level":"info","ts":1596166168447368000,"msg":"messagedb:dialognew:userid{*"}
{"level":"info","ts":1596166168447381000,"msg":"messagedb:dialognew:userid{*"}
{"level":"info","ts":1596166169172675000,"msg":"messagedb:dialogmappingnew:userid{*"}
{"level":"info","ts":1596166178934995000,"msg":"messagedb:dialogmappingnew:userid{*"}
{"level":"info","ts":1596166179326001000,"msg":"messagedb:dialogmappingnew:userid{*"}
{"level":"info","ts":1596166179335476000,"msg":"success","用时： ":10.903986104}
{"level":"info","ts":1596166358060216000,"msg":"init zap log SUCCESS"}
{"level":"info","ts":1596166358078663000,"msg":"messagedb:dialogmappingnew:userid{*"}
{"level":"info","ts":1596166358078833000,"msg":"messagedb:dialogmappingnew:userid{*"}
{"level":"info","ts":1596166358078990000,"msg":"messagedb:dialogmappingnew:userid{*"}
{"level":"info","ts":1596166358651894000,"msg":"messagedb:dialognew:userid{*"}
{"level":"info","ts":1596166367251866000,"msg":"messagedb:dialognew:userid{*"}
{"level":"info","ts":1596166367375884000,"msg":"messagedb:dialognew:userid{*"}
{"level":"info","ts":1596166367380981000,"msg":"success","用时： ":9.320440477}
{"level":"info","ts":1596166485404261000,"msg":"init zap log SUCCESS"}
{"level":"info","ts":1596166485420350000,"msg":"messagedb:dialogmappingnew:userid*"}
{"level":"info","ts":1596166485420347000,"msg":"messagedb:dialogmappingnew:userid*"}
{"level":"info","ts":1596166485420437000,"msg":"messagedb:dialogmappingnew:userid*"}
{"level":"info","ts":1596166485992787000,"msg":"messagedb:dialognew:userid*"}
{"level":"info","ts":1596166494718905000,"msg":"messagedb:dialognew:userid*"}
{"level":"info","ts":1596166494774969000,"msg":"messagedb:dialognew:userid*"}
{"level":"info","ts":1596166494780600000,"msg":"success","用时： ":9.37623287}
{"level":"info","ts":1596166554168897000,"msg":"init zap log SUCCESS"}
{"level":"info","ts":1596166554183521000,"msg":"messagedb:dialogmappingnew:userid*"}
{"level":"info","ts":1596166554183538000,"msg":"messagedb:dialogmappingnew:userid*"}
{"level":"info","ts":1596166554183659000,"msg":"messagedb:dialogmappingnew:userid*"}
{"level":"info","ts":1596166554782829000,"msg":"messagedb:dialognew:userid*"}
{"level":"info","ts":1596166563175426000,"msg":"messagedb:dialognew:userid*"}
{"level":"info","ts":1596166563222510000,"msg":"messagedb:dialognew:userid*"}
{"level":"info","ts":1596166563227631000,"msg":"success","用时： ":9.058417558}
{"level":"info","ts":1596166789099461000,"msg":"init zap log SUCCESS"}
{"level":"info","ts":1596166789123684000,"msg":"messagedb:dialogmappingnew:userid*"}
{"level":"info","ts":1596166789123687000,"msg":"messagedb:dialogmappingnew:userid*"}
{"level":"info","ts":1596166789123778000,"msg":"messagedb:dialogmappingnew:userid*"}
{"level":"info","ts":1596166789723571000,"msg":"messagedb:dialognew:userid*"}
{"level":"info","ts":1596166798525965000,"msg":"messagedb:dialognew:userid*"}
{"level":"info","ts":1596166798652236000,"msg":"messagedb:dialognew:userid*"}
{"level":"info","ts":1596166798657901000,"msg":"success","用时： ":9.558106937}
{"level":"info","ts":1596174078931174000,"msg":"init zap log SUCCESS"}
{"level":"info","ts":1596174078955360000,"msg":"messagedb:dialogmappingnew:userid*"}
{"level":"info","ts":1596174078955391000,"msg":"messagedb:dialogmappingnew:userid*"}
{"level":"info","ts":1596174078955511000,"msg":"messagedb:dialogmappingnew:userid*"}
{"level":"info","ts":1596174079588949000,"msg":"messagedb:dialognew:userid*"}
{"level":"info","ts":1596174088304376000,"msg":"messagedb:dialognew:userid*"}
{"level":"info","ts":1596174088401072000,"msg":"messagedb:dialognew:userid*"}
{"level":"info","ts":1596174098796693000,"msg":"success","用时： ":19.864976473}
{"level":"info","ts":1596174223285995000,"msg":"init zap log SUCCESS"}
{"level":"info","ts":1596174223305623000,"msg":"messagedb:dialogmappingnew:userid{*"}
{"level":"info","ts":1596174223305731000,"msg":"messagedb:dialogmappingnew:userid{*"}
{"level":"info","ts":1596174223305737000,"msg":"messagedb:dialogmappingnew:userid{*"}
{"level":"info","ts":1596174223891594000,"msg":"messagedb:dialognew:userid{*"}
{"level":"info","ts":1596174232383641000,"msg":"messagedb:dialognew:userid{*"}
{"level":"info","ts":1596174232511448000,"msg":"messagedb:dialognew:userid{*"}
{"level":"info","ts":1596174242988729000,"msg":"success","用时： ":19.702206446}
{"level":"info","ts":1596174358748490000,"msg":"init zap log SUCCESS"}
{"level":"info","ts":1596174358767835000,"msg":"messagedb:dialogmappingnew:userid{*"}
{"level":"info","ts":1596174358767870000,"msg":"messagedb:dialogmappingnew:userid{*"}
{"level":"info","ts":1596174358767931000,"msg":"messagedb:dialogmappingnew:userid{*"}
{"level":"info","ts":1596174359339891000,"msg":"messagedb:dialognew:userid{*"}
{"level":"info","ts":1596174367955987000,"msg":"messagedb:dialognew:userid{*"}
{"level":"info","ts":1596174367972920000,"msg":"messagedb:dialognew:userid{*"}
{"level":"info","ts":1596174378142379000,"msg":"success","用时： ":19.393361375}
{"level":"info","ts":1596175216468654000,"msg":"init zap log SUCCESS"}
{"level":"info","ts":1596175216483708000,"msg":"sssss"}
{"level":"info","ts":1596175216565186000,"msg":"success","用时： ":0.096401033}
{"level":"info","ts":1596175265243077000,"msg":"init zap log SUCCESS"}
{"level":"info","ts":1596175265258935000,"msg":""}
{"level":"info","ts":1596175300074896000,"msg":"success","用时： ":34.830981295}
{"level":"info","ts":1596175441908309000,"msg":"init zap log SUCCESS"}
{"level":"info","ts":1596175441931564000,"msg":""}
{"level":"info","ts":1596175476125245000,"msg":"success","用时： ":34.241239971}
{"level":"info","ts":1596175722782480000,"msg":"init zap log SUCCESS"}
{"level":"info","ts":1596175722800060000,"msg":"messagedb:dialogmappingnew:userid{"}
{"level":"info","ts":1596175738937364000,"msg":"success","用时： ":16.15443648}
{"level":"info","ts":1596175788364564000,"msg":"init zap log SUCCESS"}
{"level":"info","ts":1596175788377386000,"msg":""}
{"level":"info","ts":1596175824387701000,"msg":"success","用时： ":36.022259954}
{"level":"info","ts":1596175960166690000,"msg":"init zap log SUCCESS"}
{"level":"info","ts":1596175960185661000,"msg":"xx"}
{"level":"info","ts":1596175960242877000,"msg":"bb"}
{"level":"info","ts":1596175960289743000,"msg":"success","用时： ":0.122933433}
{"level":"info","ts":1596176655867270000,"msg":"init zap log SUCCESS"}
{"level":"info","ts":1596176655886168000,"msg":"xx"}
{"level":"info","ts":1596176655960271000,"msg":"bb"}
{"level":"info","ts":1596176656014079000,"msg":"success","用时： ":0.146689937}
{"level":"info","ts":1596176721341393000,"msg":"init zap log SUCCESS"}
{"level":"info","ts":1596176721359408000,"msg":"xx"}
{"level":"info","ts":1596176721433438000,"msg":"bb"}
{"level":"info","ts":1596176721506412000,"msg":"success","用时： ":0.164897324}
{"level":"info","ts":1596176803085360000,"msg":"init zap log SUCCESS"}
{"level":"info","ts":1596176803100174000,"msg":"xx"}
{"level":"info","ts":1596176803153502000,"msg":"bb"}
{"level":"info","ts":1596176803198933000,"msg":"success","用时： ":0.113448749}
